
Enter math expression or type QUIT to exit. (case-sensitive)
2
Enter math expression or type QUIT to exit. (case-sensitive)
-4
Enter math expression or type QUIT to exit. (case-sensitive)
15
Enter math expression or type QUIT to exit. (case-sensitive)
0
Enter math expression or type QUIT to exit. (case-sensitive)
0
Enter math expression or type QUIT to exit. (case-sensitive)
-121
Enter math expression or type QUIT to exit. (case-sensitive)
8
Enter math expression or type QUIT to exit. (case-sensitive)
-71
Enter math expression or type QUIT to exit. (case-sensitive)
-3116
Enter math expression or type QUIT to exit. (case-sensitive)
0
Enter math expression or type QUIT to exit. (case-sensitive)
An error has occured: std::exception

Enter math expression or type QUIT to exit. (case-sensitive)
An error has occured: Attempted to divide by 0.

Enter math expression or type QUIT to exit. (case-sensitive)
9
Enter math expression or type QUIT to exit. (case-sensitive)
10
Enter math expression or type QUIT to exit. (case-sensitive)
5
Enter math expression or type QUIT to exit. (case-sensitive)
7
Enter math expression or type QUIT to exit. (case-sensitive)
19
Enter math expression or type QUIT to exit. (case-sensitive)
